<?xml version="1.0" encoding="UTF-8"?>
<!-- Generated by org.testng.reporters.JUnitReportReporter -->
<testsuite skipped="0" hostname="Tanvi" name="project1.AmazonPriceCaptureTest" tests="1" failures="0" timestamp="25 Dec 2019 12:42:26 GMT" time="15.058" errors="0">
  <testcase name="priceCAptureTest" time="15.058" classname="project1.AmazonPriceCaptureTest"/>
</testsuite> <!-- project1.AmazonPriceCaptureTest -->
