<?xml version="1.0" encoding="UTF-8"?>
<!-- Generated by org.testng.reporters.JUnitReportReporter -->
<testsuite skipped="0" hostname="Tanvi" name="project1.AmazonPriceCaptureTest" tests="1" failures="0" timestamp="25 Dec 2019 06:18:40 GMT" time="32.444" errors="0">
  <testcase name="priceCAptureTest" time="32.444" classname="project1.AmazonPriceCaptureTest"/>
</testsuite> <!-- project1.AmazonPriceCaptureTest -->
